<?xml version="1.0" encoding="UTF-8"?>
<!-- Generated by org.testng.reporters.JUnitReportReporter -->
<testsuite hostname="DESKTOP-VFLE8BI" failures="0" tests="1" name="testClassPackage.post_tc_3" time="1.536" errors="0" timestamp="2023-05-24T17:12:28 IST" skipped="0">
  <testcase classname="testClassPackage.post_tc_3" name="execute" time="1.536"/>
  <system-out/>
</testsuite> <!-- testClassPackage.post_tc_3 -->
