<?xml version="1.0" encoding="UTF-8"?>
<!-- Generated by org.testng.reporters.JUnitReportReporter -->
<testsuite hostname="DESKTOP-VFLE8BI" failures="0" tests="1" name="testClassPackage.post_tc_2" time="1.122" errors="0" timestamp="2023-07-08T14:16:38 IST" skipped="0">
  <testcase classname="testClassPackage.post_tc_2" name="execute" time="1.122"/>
  <system-out/>
</testsuite> <!-- testClassPackage.post_tc_2 -->
